build-Android/debug/android-build/build/intermediates/manifest_merge_blame_file/debug/manifest-merger-blame-debug-report.txt
1<?xml version="1.0" encoding="utf-8"?>
2<manifest xmlns:android="http://schemas.android.com/apk/res/android"
3    package="org.qtproject.example"
4    android:installLocation="auto"
5    android:versionCode="1"
6    android:versionName="1.0" >
7
8    <uses-sdk
8-->debug\android-build\AndroidManifest.xml:3:5-73
9        android:minSdkVersion="21"
9-->debug\android-build\AndroidManifest.xml:3:15-41
10        android:targetSdkVersion="28" />
10-->debug\android-build\AndroidManifest.xml:3:42-71
11
12    <!--
13         The following comment will be replaced upon deployment with default permissions based on the dependencies of the application.
14         Remove the comment if you do not require these default permissions.
15    -->
16    <uses-permission android:name="android.permission.ACCESS_NETWORK_STATE" />
16-->debug\android-build\AndroidManifest.xml:7:5-79
16-->debug\android-build\AndroidManifest.xml:7:22-76
17    <uses-permission android:name="android.permission.INTERNET" />
17-->debug\android-build\AndroidManifest.xml:8:5-67
17-->debug\android-build\AndroidManifest.xml:8:22-64
18    <uses-permission android:name="android.permission.WRITE_EXTERNAL_STORAGE" />
18-->debug\android-build\AndroidManifest.xml:9:5-81
18-->debug\android-build\AndroidManifest.xml:9:22-78
19    <uses-permission android:name="android.permission.CAMERA" />
19-->debug\android-build\AndroidManifest.xml:10:5-65
19-->debug\android-build\AndroidManifest.xml:10:22-62
20    <uses-permission android:name="android.permission.RECORD_AUDIO" />
20-->debug\android-build\AndroidManifest.xml:11:5-71
20-->debug\android-build\AndroidManifest.xml:11:22-68
21
22    <!--
23         The following comment will be replaced upon deployment with default features based on the dependencies of the application.
24         Remove the comment if you do not require these default features.
25    -->
26    <uses-feature
26-->debug\android-build\AndroidManifest.xml:15:5-85
27        android:name="android.hardware.camera"
27-->debug\android-build\AndroidManifest.xml:15:19-57
28        android:required="false" />
28-->debug\android-build\AndroidManifest.xml:15:58-82
29    <uses-feature
29-->debug\android-build\AndroidManifest.xml:16:5-95
30        android:name="android.hardware.camera.autofocus"
30-->debug\android-build\AndroidManifest.xml:16:19-67
31        android:required="false" />
31-->debug\android-build\AndroidManifest.xml:16:68-92
32    <uses-feature
32-->debug\android-build\AndroidManifest.xml:17:5-89
33        android:name="android.hardware.microphone"
33-->debug\android-build\AndroidManifest.xml:17:19-61
34        android:required="false" />
34-->debug\android-build\AndroidManifest.xml:17:62-86
35
36    <supports-screens
36-->debug\android-build\AndroidManifest.xml:19:5-135
37        android:anyDensity="true"
37-->debug\android-build\AndroidManifest.xml:19:80-105
38        android:largeScreens="true"
38-->debug\android-build\AndroidManifest.xml:19:23-50
39        android:normalScreens="true"
39-->debug\android-build\AndroidManifest.xml:19:51-79
40        android:smallScreens="true" />
40-->debug\android-build\AndroidManifest.xml:19:106-133
41
42    <application
42-->debug\android-build\AndroidManifest.xml:21:5-82:19
43        android:name="org.qtproject.qt5.android.bindings.QtApplication"
43-->debug\android-build\AndroidManifest.xml:21:53-116
44        android:debuggable="true"
45        android:extractNativeLibs="true"
45-->debug\android-build\AndroidManifest.xml:21:144-176
46        android:hardwareAccelerated="true"
46-->debug\android-build\AndroidManifest.xml:21:18-52
47        android:icon="@drawable/icon"
47-->debug\android-build\AndroidManifest.xml:21:177-206
48        android:label="ChronoLuge" >
48-->debug\android-build\AndroidManifest.xml:21:117-143
49        <activity
49-->debug\android-build\AndroidManifest.xml:22:9-80:20
50            android:name="org.qtproject.qt5.android.bindings.QtActivity"
50-->debug\android-build\AndroidManifest.xml:22:189-249
51            android:configChanges="orientation|uiMode|screenLayout|screenSize|smallestScreenSize|layoutDirection|locale|fontScale|keyboard|keyboardHidden|navigation|mcc|mnc|density"
51-->debug\android-build\AndroidManifest.xml:22:19-188
52            android:label="ChronoLuge"
52-->debug\android-build\AndroidManifest.xml:22:250-276
53            android:launchMode="singleTop"
53-->debug\android-build\AndroidManifest.xml:22:314-344
54            android:screenOrientation="portrait" >
54-->debug\android-build\AndroidManifest.xml:22:277-313
55            <intent-filter>
55-->debug\android-build\AndroidManifest.xml:23:13-26:29
56                <action android:name="android.intent.action.MAIN" />
56-->debug\android-build\AndroidManifest.xml:24:17-68
56-->debug\android-build\AndroidManifest.xml:24:25-66
57
58                <category android:name="android.intent.category.LAUNCHER" />
58-->debug\android-build\AndroidManifest.xml:25:17-76
58-->debug\android-build\AndroidManifest.xml:25:27-74
59            </intent-filter>
60            <!-- Application arguments -->
61            <!-- meta-data android:name="android.app.arguments" android:value="arg1 arg2 arg3"/ -->
62            <!-- Application arguments -->
63            <meta-data
63-->debug\android-build\AndroidManifest.xml:30:13-88
64                android:name="android.app.lib_name"
64-->debug\android-build\AndroidManifest.xml:30:24-59
65                android:value="ChronoLuge" />
65-->debug\android-build\AndroidManifest.xml:30:60-86
66            <meta-data
66-->debug\android-build\AndroidManifest.xml:31:13-112
67                android:name="android.app.qt_sources_resource_id"
67-->debug\android-build\AndroidManifest.xml:31:24-73
68                android:resource="@array/qt_sources" />
68-->debug\android-build\AndroidManifest.xml:31:74-110
69            <meta-data
69-->debug\android-build\AndroidManifest.xml:32:13-87
70                android:name="android.app.repository"
70-->debug\android-build\AndroidManifest.xml:32:24-61
71                android:value="default" />
71-->debug\android-build\AndroidManifest.xml:32:62-85
72            <meta-data
72-->debug\android-build\AndroidManifest.xml:33:13-106
73                android:name="android.app.qt_libs_resource_id"
73-->debug\android-build\AndroidManifest.xml:33:24-70
74                android:resource="@array/qt_libs" />
74-->debug\android-build\AndroidManifest.xml:33:71-104
75            <meta-data
75-->debug\android-build\AndroidManifest.xml:34:13-116
76                android:name="android.app.bundled_libs_resource_id"
76-->debug\android-build\AndroidManifest.xml:34:24-75
77                android:resource="@array/bundled_libs" />
77-->debug\android-build\AndroidManifest.xml:34:76-114
78            <!-- Deploy Qt libs as part of package -->
79            <meta-data
79-->debug\android-build\AndroidManifest.xml:36:13-91
80                android:name="android.app.bundle_local_qt_libs"
80-->debug\android-build\AndroidManifest.xml:36:24-71
81                android:value="1" />
81-->debug\android-build\AndroidManifest.xml:36:72-89
82            <!-- Run with local libs -->
83            <meta-data
83-->debug\android-build\AndroidManifest.xml:38:13-88
84                android:name="android.app.use_local_qt_libs"
84-->debug\android-build\AndroidManifest.xml:38:24-68
85                android:value="1" />
85-->debug\android-build\AndroidManifest.xml:38:69-86
86            <meta-data
86-->debug\android-build\AndroidManifest.xml:39:13-100
87                android:name="android.app.libs_prefix"
87-->debug\android-build\AndroidManifest.xml:39:24-62
88                android:value="/data/local/tmp/qt/" />
88-->debug\android-build\AndroidManifest.xml:39:63-98
89            <meta-data
89-->debug\android-build\AndroidManifest.xml:40:13-122
90                android:name="android.app.load_local_libs_resource_id"
90-->debug\android-build\AndroidManifest.xml:40:24-78
91                android:resource="@array/load_local_libs" />
91-->debug\android-build\AndroidManifest.xml:40:79-120
92            <meta-data
92-->debug\android-build\AndroidManifest.xml:41:13-147
93                android:name="android.app.load_local_jars"
93-->debug\android-build\AndroidManifest.xml:41:24-66
94                android:value="jar/QtAndroidBearer.jar:jar/QtAndroid.jar:jar/QtMultimedia.jar" />
94-->debug\android-build\AndroidManifest.xml:41:67-145
95            <meta-data
95-->debug\android-build\AndroidManifest.xml:42:13-143
96                android:name="android.app.static_init_classes"
96-->debug\android-build\AndroidManifest.xml:42:24-70
97                android:value="org.qtproject.qt5.android.multimedia.QtMultimediaUtils" />
97-->debug\android-build\AndroidManifest.xml:42:71-141
98            <!-- Used to specify custom system library path to run with local system libs -->
99            <!-- <meta-data android:name="android.app.system_libs_prefix" android:value="/system/lib/"/> -->
100            <!-- Messages maps -->
101            <meta-data
101-->debug\android-build\AndroidManifest.xml:46:13-122
102                android:name="android.app.ministro_not_found_msg"
102-->debug\android-build\AndroidManifest.xml:46:71-120
103                android:value="@string/ministro_not_found_msg" />
103-->debug\android-build\AndroidManifest.xml:46:24-70
104            <meta-data
104-->debug\android-build\AndroidManifest.xml:47:13-116
105                android:name="android.app.ministro_needed_msg"
105-->debug\android-build\AndroidManifest.xml:47:68-114
106                android:value="@string/ministro_needed_msg" />
106-->debug\android-build\AndroidManifest.xml:47:24-67
107            <meta-data
107-->debug\android-build\AndroidManifest.xml:48:13-108
108                android:name="android.app.fatal_error_msg"
108-->debug\android-build\AndroidManifest.xml:48:64-106
109                android:value="@string/fatal_error_msg" />
109-->debug\android-build\AndroidManifest.xml:48:24-63
110            <meta-data
110-->debug\android-build\AndroidManifest.xml:49:13-132
111                android:name="android.app.unsupported_android_version"
111-->debug\android-build\AndroidManifest.xml:49:76-130
112                android:value="@string/unsupported_android_version" />
112-->debug\android-build\AndroidManifest.xml:49:24-75
113            <!-- Messages maps -->
114            <!-- Splash screen -->
115            <!--
116                 Orientation-specific (portrait/landscape) data is checked first. If not available for current orientation,
117                 then android.app.splash_screen_drawable. For best results, use together with splash_screen_sticky and
118                 use hideSplashScreen() with a fade-out animation from Qt Android Extras to hide the splash screen when you
119                 are done populating your window with content.
120            -->
121            <!-- meta-data android:name="android.app.splash_screen_drawable_portrait" android:resource="@drawable/logo_portrait" / -->
122            <!-- meta-data android:name="android.app.splash_screen_drawable_landscape" android:resource="@drawable/logo_landscape" / -->
123            <!-- meta-data android:name="android.app.splash_screen_drawable" android:resource="@drawable/logo"/ -->
124            <!-- meta-data android:name="android.app.splash_screen_sticky" android:value="true"/ -->
125            <!-- Splash screen -->
126            <!-- Background running -->
127            <!--
128                 Warning: changing this value to true may cause unexpected crashes if the
129                          application still try to draw after
130                          "applicationStateChanged(Qt::ApplicationSuspended)"
131                          signal is sent!
132            -->
133            <meta-data
133-->debug\android-build\AndroidManifest.xml:66:13-93
134                android:name="android.app.background_running"
134-->debug\android-build\AndroidManifest.xml:66:24-69
135                android:value="false" />
135-->debug\android-build\AndroidManifest.xml:66:70-91
136            <!-- Background running -->
137            <!-- auto screen scale factor -->
138            <meta-data
138-->debug\android-build\AndroidManifest.xml:69:13-99
139                android:name="android.app.auto_screen_scale_factor"
139-->debug\android-build\AndroidManifest.xml:69:24-75
140                android:value="false" />
140-->debug\android-build\AndroidManifest.xml:69:76-97
141            <!-- auto screen scale factor -->
142            <!-- extract android style -->
143            <!--
144                 available android:values :
145                * default - In most cases this will be the same as "full", but it can also be something else if needed, e.g., for compatibility reasons
146                * full - useful QWidget & Quick Controls 1 apps
147                * minimal - useful for Quick Controls 2 apps, it is much faster than "full"
148                * none - useful for apps that don't use any of the above Qt modules
149            -->
150            <meta-data
150-->debug\android-build\AndroidManifest.xml:78:13-98
151                android:name="android.app.extract_android_style"
151-->debug\android-build\AndroidManifest.xml:78:24-72
152                android:value="default" />
152-->debug\android-build\AndroidManifest.xml:78:73-96
153            <!-- extract android style -->
154        </activity>
155        <!-- For adding service(s) please check: https://wiki.qt.io/AndroidServices -->
156    </application>
157
158</manifest>